Doogy/Temp/gradleOut/launcher/build/intermediates/manifest_merge_blame_file/release/manifest-merger-blame-release-report.txt
1<?xml version="1.0" encoding="utf-8"?>
2<!-- GENERATED BY UNITY. REMOVE THIS COMMENT TO PREVENT OVERWRITING WHEN EXPORTING AGAIN -->
3<manifest xmlns:android="http://schemas.android.com/apk/res/android"
4    package="com.DevAndroidDeveloper.Doggycollector"
5    android:installLocation="preferExternal"
6    android:versionCode="1"
7    android:versionName="0.1" >
8
9    <uses-sdk
10        android:minSdkVersion="19"
10-->src\main\AndroidManifest.xml
11        android:targetSdkVersion="31" />
11-->src\main\AndroidManifest.xml
12
13    <supports-screens
13-->src\main\AndroidManifest.xml:4:3-163
14        android:anyDensity="true"
14-->src\main\AndroidManifest.xml:4:135-160
15        android:largeScreens="true"
15-->src\main\AndroidManifest.xml:4:78-105
16        android:normalScreens="true"
16-->src\main\AndroidManifest.xml:4:49-77
17        android:smallScreens="true"
17-->src\main\AndroidManifest.xml:4:21-48
18        android:xlargeScreens="true" />
18-->src\main\AndroidManifest.xml:4:106-134
19
20    <uses-feature android:glEsVersion="0x00030000" />
20-->[:unityLibrary] AndroidManifest.xml:13:5-54
20-->[:unityLibrary] AndroidManifest.xml:13:19-51
21    <uses-feature
21-->[:unityLibrary] AndroidManifest.xml:14:5-16:36
22        android:name="android.hardware.vulkan.version"
22-->[:unityLibrary] AndroidManifest.xml:15:9-55
23        android:required="false" />
23-->[:unityLibrary] AndroidManifest.xml:16:9-33
24    <uses-feature
24-->[:unityLibrary] AndroidManifest.xml:17:5-19:36
25        android:name="android.hardware.touchscreen"
25-->[:unityLibrary] AndroidManifest.xml:18:9-52
26        android:required="false" />
26-->[:unityLibrary] AndroidManifest.xml:19:9-33
27    <uses-feature
27-->[:unityLibrary] AndroidManifest.xml:20:5-22:36
28        android:name="android.hardware.touchscreen.multitouch"
28-->[:unityLibrary] AndroidManifest.xml:21:9-63
29        android:required="false" />
29-->[:unityLibrary] AndroidManifest.xml:22:9-33
30    <uses-feature
30-->[:unityLibrary] AndroidManifest.xml:23:5-25:36
31        android:name="android.hardware.touchscreen.multitouch.distinct"
31-->[:unityLibrary] AndroidManifest.xml:24:9-72
32        android:required="false" />
32-->[:unityLibrary] AndroidManifest.xml:25:9-33
33
34    <uses-permission android:name="android.permission.WAKE_LOCK" />
34-->[:androidx.work.work-runtime-2.1.0:] AndroidManifest.xml:19:3-66
34-->[:androidx.work.work-runtime-2.1.0:] AndroidManifest.xml:19:20-63
35    <uses-permission android:name="android.permission.ACCESS_NETWORK_STATE" />
35-->[:androidx.work.work-runtime-2.1.0:] AndroidManifest.xml:20:3-77
35-->[:androidx.work.work-runtime-2.1.0:] AndroidManifest.xml:20:20-74
36    <uses-permission android:name="android.permission.RECEIVE_BOOT_COMPLETED" /> <!-- Include required permissions for Google Mobile Ads to run -->
36-->[:androidx.work.work-runtime-2.1.0:] AndroidManifest.xml:21:3-79
36-->[:androidx.work.work-runtime-2.1.0:] AndroidManifest.xml:21:20-76
37    <uses-permission android:name="android.permission.INTERNET" /> <!-- Android package visibility setting -->
37-->[:com.google.android.gms.play-services-ads-lite-20.2.0:] AndroidManifest.xml:20:3-65
37-->[:com.google.android.gms.play-services-ads-lite-20.2.0:] AndroidManifest.xml:20:20-62
38    <queries>
38-->[:com.google.android.gms.play-services-ads-lite-20.2.0:] AndroidManifest.xml:23:3-36:13
39
40        <!-- For browser content -->
41        <intent>
41-->[:com.google.android.gms.play-services-ads-lite-20.2.0:] AndroidManifest.xml:25:5-29:14
42            <action android:name="android.intent.action.VIEW" />
42-->[:com.google.android.gms.play-services-ads-lite-20.2.0:] AndroidManifest.xml:26:7-59
42-->[:com.google.android.gms.play-services-ads-lite-20.2.0:] AndroidManifest.xml:26:15-56
43
44            <category android:name="android.intent.category.BROWSABLE" />
44-->[:com.google.android.gms.play-services-ads-lite-20.2.0:] AndroidManifest.xml:27:7-68
44-->[:com.google.android.gms.play-services-ads-lite-20.2.0:] AndroidManifest.xml:27:17-65
45
46            <data android:scheme="https" />
46-->[:com.google.android.gms.play-services-ads-lite-20.2.0:] AndroidManifest.xml:28:7-38
46-->[:com.google.android.gms.play-services-ads-lite-20.2.0:] AndroidManifest.xml:28:13-35
47        </intent>
48        <!-- End of browser content -->
49        <!-- For CustomTabsService -->
50        <intent>
50-->[:com.google.android.gms.play-services-ads-lite-20.2.0:] AndroidManifest.xml:25:5-29:14
51            <action android:name="android.support.customtabs.action.CustomTabsService" />
52        </intent>
53        <!-- End of CustomTabsService -->
54    </queries>
55
56    <application
56-->src\main\AndroidManifest.xml:5:3-116
57        android:appComponentFactory="androidx.core.app.CoreComponentFactory"
57-->[:androidx.core.core-1.2.0:] AndroidManifest.xml:24:18-86
58        android:extractNativeLibs="true"
58-->src\main\AndroidManifest.xml:5:16-48
59        android:icon="@mipmap/app_icon"
59-->src\main\AndroidManifest.xml:5:82-113
60        android:label="@string/app_name" >
60-->src\main\AndroidManifest.xml:5:49-81
61        <activity
61-->[:unityLibrary] AndroidManifest.xml:28:9-47:20
62            android:name="com.unity3d.player.UnityPlayerActivity"
62-->[:unityLibrary] AndroidManifest.xml:29:13-66
63            android:configChanges="mcc|mnc|locale|touchscreen|keyboard|keyboardHidden|navigation|orientation|screenLayout|uiMode|screenSize|smallestScreenSize|fontScale|layoutDirection|density"
63-->[:unityLibrary] AndroidManifest.xml:30:13-194
64            android:hardwareAccelerated="false"
64-->[:unityLibrary] AndroidManifest.xml:31:13-48
65            android:launchMode="singleTask"
65-->[:unityLibrary] AndroidManifest.xml:32:13-44
66            android:screenOrientation="reverseLandscape"
66-->[:unityLibrary] AndroidManifest.xml:33:13-57
67            android:theme="@style/UnityThemeSelector" >
67-->[:unityLibrary] AndroidManifest.xml:34:13-54
68            <intent-filter>
68-->[:unityLibrary] AndroidManifest.xml:35:13-39:29
69                <action android:name="android.intent.action.MAIN" />
69-->[:unityLibrary] AndroidManifest.xml:36:17-69
69-->[:unityLibrary] AndroidManifest.xml:36:25-66
70
71                <category android:name="android.intent.category.LAUNCHER" />
71-->[:unityLibrary] AndroidManifest.xml:38:17-77
71-->[:unityLibrary] AndroidManifest.xml:38:27-74
72            </intent-filter>
73
74            <meta-data
74-->[:unityLibrary] AndroidManifest.xml:41:13-43:40
75                android:name="unityplayer.UnityActivity"
75-->[:unityLibrary] AndroidManifest.xml:42:17-57
76                android:value="true" />
76-->[:unityLibrary] AndroidManifest.xml:43:17-37
77            <meta-data
77-->[:unityLibrary] AndroidManifest.xml:44:13-46:40
78                android:name="android.notch_support"
78-->[:unityLibrary] AndroidManifest.xml:45:17-53
79                android:value="true" />
79-->[:unityLibrary] AndroidManifest.xml:46:17-37
80        </activity>
81
82        <meta-data
82-->[:unityLibrary] AndroidManifest.xml:49:9-51:33
83            android:name="unity.splash-mode"
83-->[:unityLibrary] AndroidManifest.xml:50:13-45
84            android:value="0" />
84-->[:unityLibrary] AndroidManifest.xml:51:13-30
85        <meta-data
85-->[:unityLibrary] AndroidManifest.xml:52:9-54:36
86            android:name="unity.splash-enable"
86-->[:unityLibrary] AndroidManifest.xml:53:13-47
87            android:value="True" />
87-->[:unityLibrary] AndroidManifest.xml:54:13-33
88        <meta-data
88-->[:unityLibrary] AndroidManifest.xml:55:9-57:50
89            android:name="notch.config"
89-->[:unityLibrary] AndroidManifest.xml:56:13-40
90            android:value="portrait|landscape" />
90-->[:unityLibrary] AndroidManifest.xml:57:13-47
91        <meta-data
91-->[:unityLibrary] AndroidManifest.xml:58:9-60:68
92            android:name="unity.build-id"
92-->[:unityLibrary] AndroidManifest.xml:59:13-42
93            android:value="3c3fae7c-0f59-4c43-adcf-77917949d3b2" />
93-->[:unityLibrary] AndroidManifest.xml:60:13-65
94
95        <service
95-->[:androidx.room.room-runtime-2.1.0:] AndroidManifest.xml:25:9-27:40
96            android:name="androidx.room.MultiInstanceInvalidationService"
96-->[:androidx.room.room-runtime-2.1.0:] AndroidManifest.xml:26:13-74
97            android:exported="false" />
97-->[:androidx.room.room-runtime-2.1.0:] AndroidManifest.xml:27:13-37
98
99        <provider
99-->[:androidx.work.work-runtime-2.1.0:] AndroidManifest.xml:23:5-257
100            android:name="androidx.work.impl.WorkManagerInitializer"
100-->[:androidx.work.work-runtime-2.1.0:] AndroidManifest.xml:23:15-71
101            android:authorities="com.DevAndroidDeveloper.Doggycollector.workmanager-init"
101-->[:androidx.work.work-runtime-2.1.0:] AndroidManifest.xml:23:72-149
102            android:directBootAware="false"
102-->[:androidx.work.work-runtime-2.1.0:] AndroidManifest.xml:23:150-181
103            android:exported="false"
103-->[:androidx.work.work-runtime-2.1.0:] AndroidManifest.xml:23:182-206
104            android:multiprocess="true" />
104-->[:androidx.work.work-runtime-2.1.0:] AndroidManifest.xml:23:207-234
105
106        <service
106-->[:androidx.work.work-runtime-2.1.0:] AndroidManifest.xml:24:5-229
107            android:name="androidx.work.impl.background.systemalarm.SystemAlarmService"
107-->[:androidx.work.work-runtime-2.1.0:] AndroidManifest.xml:24:14-89
108            android:directBootAware="false"
108-->[:androidx.work.work-runtime-2.1.0:] AndroidManifest.xml:24:90-121
109            android:enabled="@bool/enable_system_alarm_service_default"
109-->[:androidx.work.work-runtime-2.1.0:] AndroidManifest.xml:24:122-181
110            android:exported="false" />
110-->[:androidx.work.work-runtime-2.1.0:] AndroidManifest.xml:24:182-206
111        <service
111-->[:androidx.work.work-runtime-2.1.0:] AndroidManifest.xml:25:5-279
112            android:name="androidx.work.impl.background.systemjob.SystemJobService"
112-->[:androidx.work.work-runtime-2.1.0:] AndroidManifest.xml:25:14-85
113            android:directBootAware="false"
113-->[:androidx.work.work-runtime-2.1.0:] AndroidManifest.xml:25:86-117
114            android:enabled="@bool/enable_system_job_service_default"
114-->[:androidx.work.work-runtime-2.1.0:] AndroidManifest.xml:25:118-175
115            android:exported="true"
115-->[:androidx.work.work-runtime-2.1.0:] AndroidManifest.xml:25:176-199
116            android:permission="android.permission.BIND_JOB_SERVICE" />
116-->[:androidx.work.work-runtime-2.1.0:] AndroidManifest.xml:25:200-256
117
118        <receiver
118-->[:androidx.work.work-runtime-2.1.0:] AndroidManifest.xml:26:5-193
119            android:name="androidx.work.impl.utils.ForceStopRunnable$BroadcastReceiver"
119-->[:androidx.work.work-runtime-2.1.0:] AndroidManifest.xml:26:15-90
120            android:directBootAware="false"
120-->[:androidx.work.work-runtime-2.1.0:] AndroidManifest.xml:26:91-122
121            android:enabled="true"
121-->[:androidx.work.work-runtime-2.1.0:] AndroidManifest.xml:26:123-145
122            android:exported="false" />
122-->[:androidx.work.work-runtime-2.1.0:] AndroidManifest.xml:26:146-170
123        <receiver
123-->[:androidx.work.work-runtime-2.1.0:] AndroidManifest.xml:27:5-32:16
124            android:name="androidx.work.impl.background.systemalarm.ConstraintProxy$BatteryChargingProxy"
124-->[:androidx.work.work-runtime-2.1.0:] AndroidManifest.xml:27:15-108
125            android:directBootAware="false"
125-->[:androidx.work.work-runtime-2.1.0:] AndroidManifest.xml:27:109-140
126            android:enabled="false"
126-->[:androidx.work.work-runtime-2.1.0:] AndroidManifest.xml:27:141-164
127            android:exported="false" >
127-->[:androidx.work.work-runtime-2.1.0:] AndroidManifest.xml:27:165-189
128            <intent-filter>
128-->[:androidx.work.work-runtime-2.1.0:] AndroidManifest.xml:28:7-31:23
129                <action android:name="android.intent.action.ACTION_POWER_CONNECTED" />
129-->[:androidx.work.work-runtime-2.1.0:] AndroidManifest.xml:29:9-79
129-->[:androidx.work.work-runtime-2.1.0:] AndroidManifest.xml:29:17-76
130                <action android:name="android.intent.action.ACTION_POWER_DISCONNECTED" />
130-->[:androidx.work.work-runtime-2.1.0:] AndroidManifest.xml:30:9-82
130-->[:androidx.work.work-runtime-2.1.0:] AndroidManifest.xml:30:17-79
131            </intent-filter>
132        </receiver>
133        <receiver
133-->[:androidx.work.work-runtime-2.1.0:] AndroidManifest.xml:33:5-38:16
134            android:name="androidx.work.impl.background.systemalarm.ConstraintProxy$BatteryNotLowProxy"
134-->[:androidx.work.work-runtime-2.1.0:] AndroidManifest.xml:33:15-106
135            android:directBootAware="false"
135-->[:androidx.work.work-runtime-2.1.0:] AndroidManifest.xml:33:107-138
136            android:enabled="false"
136-->[:androidx.work.work-runtime-2.1.0:] AndroidManifest.xml:33:139-162
137            android:exported="false" >
137-->[:androidx.work.work-runtime-2.1.0:] AndroidManifest.xml:33:163-187
138            <intent-filter>
138-->[:androidx.work.work-runtime-2.1.0:] AndroidManifest.xml:34:7-37:23
139                <action android:name="android.intent.action.BATTERY_OKAY" />
139-->[:androidx.work.work-runtime-2.1.0:] AndroidManifest.xml:35:9-69
139-->[:androidx.work.work-runtime-2.1.0:] AndroidManifest.xml:35:17-66
140                <action android:name="android.intent.action.BATTERY_LOW" />
140-->[:androidx.work.work-runtime-2.1.0:] AndroidManifest.xml:36:9-68
140-->[:androidx.work.work-runtime-2.1.0:] AndroidManifest.xml:36:17-65
141            </intent-filter>
142        </receiver>
143        <receiver
143-->[:androidx.work.work-runtime-2.1.0:] AndroidManifest.xml:39:5-44:16
144            android:name="androidx.work.impl.background.systemalarm.ConstraintProxy$StorageNotLowProxy"
144-->[:androidx.work.work-runtime-2.1.0:] AndroidManifest.xml:39:15-106
145            android:directBootAware="false"
145-->[:androidx.work.work-runtime-2.1.0:] AndroidManifest.xml:39:107-138
146            android:enabled="false"
146-->[:androidx.work.work-runtime-2.1.0:] AndroidManifest.xml:39:139-162
147            android:exported="false" >
147-->[:androidx.work.work-runtime-2.1.0:] AndroidManifest.xml:39:163-187
148            <intent-filter>
148-->[:androidx.work.work-runtime-2.1.0:] AndroidManifest.xml:40:7-43:23
149                <action android:name="android.intent.action.DEVICE_STORAGE_LOW" />
149-->[:androidx.work.work-runtime-2.1.0:] AndroidManifest.xml:41:9-75
149-->[:androidx.work.work-runtime-2.1.0:] AndroidManifest.xml:41:17-72
150                <action android:name="android.intent.action.DEVICE_STORAGE_OK" />
150-->[:androidx.work.work-runtime-2.1.0:] AndroidManifest.xml:42:9-74
150-->[:androidx.work.work-runtime-2.1.0:] AndroidManifest.xml:42:17-71
151            </intent-filter>
152        </receiver>
153        <receiver
153-->[:androidx.work.work-runtime-2.1.0:] AndroidManifest.xml:45:5-49:16
154            android:name="androidx.work.impl.background.systemalarm.ConstraintProxy$NetworkStateProxy"
154-->[:androidx.work.work-runtime-2.1.0:] AndroidManifest.xml:45:15-105
155            android:directBootAware="false"
155-->[:androidx.work.work-runtime-2.1.0:] AndroidManifest.xml:45:106-137
156            android:enabled="false"
156-->[:androidx.work.work-runtime-2.1.0:] AndroidManifest.xml:45:138-161
157            android:exported="false" >
157-->[:androidx.work.work-runtime-2.1.0:] AndroidManifest.xml:45:162-186
158            <intent-filter>
158-->[:androidx.work.work-runtime-2.1.0:] AndroidManifest.xml:46:7-48:23
159                <action android:name="android.net.conn.CONNECTIVITY_CHANGE" />
159-->[:androidx.work.work-runtime-2.1.0:] AndroidManifest.xml:47:9-71
159-->[:androidx.work.work-runtime-2.1.0:] AndroidManifest.xml:47:17-68
160            </intent-filter>
161        </receiver>
162        <receiver
162-->[:androidx.work.work-runtime-2.1.0:] AndroidManifest.xml:50:5-56:16
163            android:name="androidx.work.impl.background.systemalarm.RescheduleReceiver"
163-->[:androidx.work.work-runtime-2.1.0:] AndroidManifest.xml:50:15-90
164            android:directBootAware="false"
164-->[:androidx.work.work-runtime-2.1.0:] AndroidManifest.xml:50:91-122
165            android:enabled="false"
165-->[:androidx.work.work-runtime-2.1.0:] AndroidManifest.xml:50:123-146
166            android:exported="false" >
166-->[:androidx.work.work-runtime-2.1.0:] AndroidManifest.xml:50:147-171
167            <intent-filter>
167-->[:androidx.work.work-runtime-2.1.0:] AndroidManifest.xml:51:7-55:23
168                <action android:name="android.intent.action.BOOT_COMPLETED" />
168-->[:androidx.work.work-runtime-2.1.0:] AndroidManifest.xml:52:9-71
168-->[:androidx.work.work-runtime-2.1.0:] AndroidManifest.xml:52:17-68
169                <action android:name="android.intent.action.TIME_SET" />
169-->[:androidx.work.work-runtime-2.1.0:] AndroidManifest.xml:53:9-65
169-->[:androidx.work.work-runtime-2.1.0:] AndroidManifest.xml:53:17-62
170                <action android:name="android.intent.action.TIMEZONE_CHANGED" />
170-->[:androidx.work.work-runtime-2.1.0:] AndroidManifest.xml:54:9-73
170-->[:androidx.work.work-runtime-2.1.0:] AndroidManifest.xml:54:17-70
171            </intent-filter>
172        </receiver>
173        <receiver
173-->[:androidx.work.work-runtime-2.1.0:] AndroidManifest.xml:57:5-61:16
174            android:name="androidx.work.impl.background.systemalarm.ConstraintProxyUpdateReceiver"
174-->[:androidx.work.work-runtime-2.1.0:] AndroidManifest.xml:57:15-101
175            android:directBootAware="false"
175-->[:androidx.work.work-runtime-2.1.0:] AndroidManifest.xml:57:102-133
176            android:enabled="@bool/enable_system_alarm_service_default"
176-->[:androidx.work.work-runtime-2.1.0:] AndroidManifest.xml:57:134-193
177            android:exported="false" >
177-->[:androidx.work.work-runtime-2.1.0:] AndroidManifest.xml:57:194-218
178            <intent-filter>
178-->[:androidx.work.work-runtime-2.1.0:] AndroidManifest.xml:58:7-60:23
179                <action android:name="androidx.work.impl.background.systemalarm.UpdateProxies" />
179-->[:androidx.work.work-runtime-2.1.0:] AndroidManifest.xml:59:9-90
179-->[:androidx.work.work-runtime-2.1.0:] AndroidManifest.xml:59:17-87
180            </intent-filter>
181        </receiver> <!-- Include the AdActivity and InAppPurchaseActivity configChanges and themes. -->
182        <activity
182-->[:com.google.android.gms.play-services-ads-lite-20.2.0:] AndroidManifest.xml:39:5-254
183            android:name="com.google.android.gms.ads.AdActivity"
183-->[:com.google.android.gms.play-services-ads-lite-20.2.0:] AndroidManifest.xml:39:15-67
184            android:configChanges="keyboard|keyboardHidden|orientation|screenLayout|uiMode|screenSize|smallestScreenSize"
184-->[:com.google.android.gms.play-services-ads-lite-20.2.0:] AndroidManifest.xml:39:68-177
185            android:exported="false"
185-->[:com.google.android.gms.play-services-ads-lite-20.2.0:] AndroidManifest.xml:39:178-202
186            android:theme="@android:style/Theme.Translucent" />
186-->[:com.google.android.gms.play-services-ads-lite-20.2.0:] AndroidManifest.xml:39:203-251
187
188        <provider
188-->[:com.google.android.gms.play-services-ads-lite-20.2.0:] AndroidManifest.xml:40:5-213
189            android:name="com.google.android.gms.ads.MobileAdsInitProvider"
189-->[:com.google.android.gms.play-services-ads-lite-20.2.0:] AndroidManifest.xml:40:15-78
190            android:authorities="com.DevAndroidDeveloper.Doggycollector.mobileadsinitprovider"
190-->[:com.google.android.gms.play-services-ads-lite-20.2.0:] AndroidManifest.xml:40:79-161
191            android:exported="false"
191-->[:com.google.android.gms.play-services-ads-lite-20.2.0:] AndroidManifest.xml:40:162-186
192            android:initOrder="100" />
192-->[:com.google.android.gms.play-services-ads-lite-20.2.0:] AndroidManifest.xml:40:187-210
193
194        <service
194-->[:com.google.android.gms.play-services-ads-lite-20.2.0:] AndroidManifest.xml:41:5-116
195            android:name="com.google.android.gms.ads.AdService"
195-->[:com.google.android.gms.play-services-ads-lite-20.2.0:] AndroidManifest.xml:41:14-65
196            android:enabled="true"
196-->[:com.google.android.gms.play-services-ads-lite-20.2.0:] AndroidManifest.xml:41:66-88
197            android:exported="false" />
197-->[:com.google.android.gms.play-services-ads-lite-20.2.0:] AndroidManifest.xml:41:89-113
198
199        <meta-data
199-->[:com.google.android.gms.play-services-basement-17.6.0:] AndroidManifest.xml:23:9-25:69
200            android:name="com.google.android.gms.version"
200-->[:com.google.android.gms.play-services-basement-17.6.0:] AndroidManifest.xml:24:13-58
201            android:value="@integer/google_play_services_version" />
201-->[:com.google.android.gms.play-services-basement-17.6.0:] AndroidManifest.xml:25:13-66
202
203        <activity
203-->[:com.unity3d.ads.unity-ads-3.7.5:] AndroidManifest.xml:13:9-17:74
204            android:name="com.unity3d.services.ads.adunit.AdUnitActivity"
204-->[:com.unity3d.ads.unity-ads-3.7.5:] AndroidManifest.xml:14:13-74
205            android:configChanges="fontScale|keyboard|keyboardHidden|locale|mnc|mcc|navigation|orientation|screenLayout|screenSize|smallestScreenSize|uiMode|touchscreen"
205-->[:com.unity3d.ads.unity-ads-3.7.5:] AndroidManifest.xml:15:13-170
206            android:hardwareAccelerated="true"
206-->[:com.unity3d.ads.unity-ads-3.7.5:] AndroidManifest.xml:16:13-47
207            android:theme="@android:style/Theme.NoTitleBar.Fullscreen" />
207-->[:com.unity3d.ads.unity-ads-3.7.5:] AndroidManifest.xml:17:13-71
208        <activity
208-->[:com.unity3d.ads.unity-ads-3.7.5:] AndroidManifest.xml:18:9-22:86
209            android:name="com.unity3d.services.ads.adunit.AdUnitTransparentActivity"
209-->[:com.unity3d.ads.unity-ads-3.7.5:] AndroidManifest.xml:19:13-85
210            android:configChanges="fontScale|keyboard|keyboardHidden|locale|mnc|mcc|navigation|orientation|screenLayout|screenSize|smallestScreenSize|uiMode|touchscreen"
210-->[:com.unity3d.ads.unity-ads-3.7.5:] AndroidManifest.xml:20:13-170
211            android:hardwareAccelerated="true"
211-->[:com.unity3d.ads.unity-ads-3.7.5:] AndroidManifest.xml:21:13-47
212            android:theme="@android:style/Theme.Translucent.NoTitleBar.Fullscreen" />
212-->[:com.unity3d.ads.unity-ads-3.7.5:] AndroidManifest.xml:22:13-83
213        <activity
213-->[:com.unity3d.ads.unity-ads-3.7.5:] AndroidManifest.xml:23:9-27:86
214            android:name="com.unity3d.services.ads.adunit.AdUnitTransparentSoftwareActivity"
214-->[:com.unity3d.ads.unity-ads-3.7.5:] AndroidManifest.xml:24:13-93
215            android:configChanges="fontScale|keyboard|keyboardHidden|locale|mnc|mcc|navigation|orientation|screenLayout|screenSize|smallestScreenSize|uiMode|touchscreen"
215-->[:com.unity3d.ads.unity-ads-3.7.5:] AndroidManifest.xml:25:13-170
216            android:hardwareAccelerated="false"
216-->[:com.unity3d.ads.unity-ads-3.7.5:] AndroidManifest.xml:26:13-48
217            android:theme="@android:style/Theme.Translucent.NoTitleBar.Fullscreen" />
217-->[:com.unity3d.ads.unity-ads-3.7.5:] AndroidManifest.xml:27:13-83
218        <activity
218-->[:com.unity3d.ads.unity-ads-3.7.5:] AndroidManifest.xml:28:9-32:74
219            android:name="com.unity3d.services.ads.adunit.AdUnitSoftwareActivity"
219-->[:com.unity3d.ads.unity-ads-3.7.5:] AndroidManifest.xml:29:13-82
220            android:configChanges="fontScale|keyboard|keyboardHidden|locale|mnc|mcc|navigation|orientation|screenLayout|screenSize|smallestScreenSize|uiMode|touchscreen"
220-->[:com.unity3d.ads.unity-ads-3.7.5:] AndroidManifest.xml:30:13-170
221            android:hardwareAccelerated="false"
221-->[:com.unity3d.ads.unity-ads-3.7.5:] AndroidManifest.xml:31:13-48
222            android:theme="@android:style/Theme.NoTitleBar.Fullscreen" />
222-->[:com.unity3d.ads.unity-ads-3.7.5:] AndroidManifest.xml:32:13-71
223
224        <uses-library
224-->[:unityLibrary:GoogleMobileAdsPlugin.androidlib] AndroidManifest.xml:12:9-14:40
225            android:name="org.apache.http.legacy"
225-->[:unityLibrary:GoogleMobileAdsPlugin.androidlib] AndroidManifest.xml:13:13-50
226            android:required="false" />
226-->[:unityLibrary:GoogleMobileAdsPlugin.androidlib] AndroidManifest.xml:14:13-37
227
228        <meta-data
228-->[:unityLibrary:GoogleMobileAdsPlugin.androidlib] AndroidManifest.xml:16:9-18:70
229            android:name="com.google.android.gms.ads.APPLICATION_ID"
229-->[:unityLibrary:GoogleMobileAdsPlugin.androidlib] AndroidManifest.xml:17:13-69
230            android:value="ca-app-pub-2670894776494091~4174206898" />
230-->[:unityLibrary:GoogleMobileAdsPlugin.androidlib] AndroidManifest.xml:18:13-67
231    </application>
232
233</manifest>